100000 GFF lines processed.
200000 GFF lines processed.
300000 GFF lines processed.
400000 GFF lines processed.
500000 GFF lines processed.
573035 GFF lines processed.
100000 SAM alignment record pairs processed.
200000 SAM alignment record pairs processed.
300000 SAM alignment record pairs processed.
400000 SAM alignment record pairs processed.
500000 SAM alignment record pairs processed.
600000 SAM alignment record pairs processed.
700000 SAM alignment record pairs processed.
800000 SAM alignment record pairs processed.
Warning: Mate records missing for 5492 records; first such record: <SAM_Alignment object: Paired-end read 'M01601:91:000000000-ATMWU:1:2107:26307:21554' aligned to NC_033804.1:[306711,307181)/+>.
Warning: Mate pairing was ambiguous for 1547 records; mate key for first such record: ('M01601:91:000000000-ATMWU:1:2110:9745:9840', 'first', 'NC_033804.1', 311157, 'NC_033804.1', 311170, 151).
854265 SAM alignment pairs processed.
100000 SAM alignment record pairs processed.
200000 SAM alignment record pairs processed.
300000 SAM alignment record pairs processed.
400000 SAM alignment record pairs processed.
500000 SAM alignment record pairs processed.
600000 SAM alignment record pairs processed.
700000 SAM alignment record pairs processed.
800000 SAM alignment record pairs processed.
900000 SAM alignment record pairs processed.
1000000 SAM alignment record pairs processed.
1100000 SAM alignment record pairs processed.
Warning: Mate records missing for 5496 records; first such record: <SAM_Alignment object: Paired-end read 'M01601:91:000000000-ATMWU:1:1109:4034:10152' aligned to NC_033804.1:[37092,37199)/+>.
Warning: Mate pairing was ambiguous for 2625 records; mate key for first such record: ('M01601:91:000000000-ATMWU:1:1115:23254:6917', 'second', 'NC_033804.1', 320839, 'NC_033804.1', 473312, 152607).
1110170 SAM alignment pairs processed.
100000 SAM alignment record pairs processed.
200000 SAM alignment record pairs processed.
300000 SAM alignment record pairs processed.
400000 SAM alignment record pairs processed.
500000 SAM alignment record pairs processed.
600000 SAM alignment record pairs processed.
Warning: Mate records missing for 4152 records; first such record: <SAM_Alignment object: Paired-end read 'M01601:91:000000000-ATMWU:1:1112:5067:6833' aligned to NC_033804.1:[358479,359891)/+>.
700000 SAM alignment record pairs processed.
Warning: Mate pairing was ambiguous for 1160 records; mate key for first such record: ('M01601:91:000000000-ATMWU:1:1110:22686:12596', 'second', 'NC_033804.1', 1714359, 'NC_033804.1', 1717631, 3360).
703986 SAM alignment pairs processed.
100000 SAM alignment record pairs processed.
200000 SAM alignment record pairs processed.
300000 SAM alignment record pairs processed.
400000 SAM alignment record pairs processed.
500000 SAM alignment record pairs processed.
600000 SAM alignment record pairs processed.
700000 SAM alignment record pairs processed.
800000 SAM alignment record pairs processed.
900000 SAM alignment record pairs processed.
1000000 SAM alignment record pairs processed.
1100000 SAM alignment record pairs processed.
1200000 SAM alignment record pairs processed.
1300000 SAM alignment record pairs processed.
1400000 SAM alignment record pairs processed.
1500000 SAM alignment record pairs processed.
Warning: Mate records missing for 8771 records; first such record: <SAM_Alignment object: Paired-end read 'M01601:91:000000000-ATMWU:1:1118:9087:22064' aligned to NC_033804.1:[37531,37666)/+>.
Warning: Mate pairing was ambiguous for 2508 records; mate key for first such record: ('M01601:91:000000000-ATMWU:1:2107:18558:18677', 'first', 'NC_033804.1', 382875, 'NC_033804.1', 492646, 110391).
1530836 SAM alignment pairs processed.
100000 SAM alignment record pairs processed.
200000 SAM alignment record pairs processed.
300000 SAM alignment record pairs processed.
400000 SAM alignment record pairs processed.
500000 SAM alignment record pairs processed.
600000 SAM alignment record pairs processed.
700000 SAM alignment record pairs processed.
800000 SAM alignment record pairs processed.
900000 SAM alignment record pairs processed.
Warning: Mate records missing for 6481 records; first such record: <SAM_Alignment object: Paired-end read 'M01601:91:000000000-ATMWU:1:2119:29040:12511' aligned to NC_033804.1:[14022,14118)/->.
Warning: Mate pairing was ambiguous for 1499 records; mate key for first such record: ('M01601:91:000000000-ATMWU:1:1117:14714:3639', 'second', 'NC_033804.1', 329452, 'NC_033804.1', 471042, 142613).
922333 SAM alignment pairs processed.
100000 SAM alignment record pairs processed.
200000 SAM alignment record pairs processed.
300000 SAM alignment record pairs processed.
400000 SAM alignment record pairs processed.
500000 SAM alignment record pairs processed.
600000 SAM alignment record pairs processed.
700000 SAM alignment record pairs processed.
800000 SAM alignment record pairs processed.
900000 SAM alignment record pairs processed.
1000000 SAM alignment record pairs processed.
1100000 SAM alignment record pairs processed.
1200000 SAM alignment record pairs processed.
1300000 SAM alignment record pairs processed.
1400000 SAM alignment record pairs processed.
Warning: Mate records missing for 6451 records; first such record: <SAM_Alignment object: Paired-end read 'M01601:91:000000000-ATMWU:1:1104:5952:8035' aligned to NC_033804.1:[36125,36221)/+>.
Warning: Mate pairing was ambiguous for 2629 records; mate key for first such record: ('M01601:91:000000000-ATMWU:1:2105:7778:17055', 'second', 'NC_033804.1', 4366776, 'NC_033804.1', 4491767, 125116).
1427505 SAM alignment pairs processed.
100000 SAM alignment record pairs processed.
200000 SAM alignment record pairs processed.
300000 SAM alignment record pairs processed.
400000 SAM alignment record pairs processed.
500000 SAM alignment record pairs processed.
600000 SAM alignment record pairs processed.
Warning: Mate records missing for 4392 records; first such record: <SAM_Alignment object: Paired-end read 'M01601:91:000000000-ATMWU:1:1110:16281:19548' aligned to NC_033804.1:[38115,38234)/+>.
Warning: Mate pairing was ambiguous for 2997 records; mate key for first such record: ('M01601:91:000000000-ATMWU:1:2118:27307:9621', 'second', 'NC_033804.1', 37525, 'NC_033804.1', 37525, 127).
649988 SAM alignment pairs processed.
100000 SAM alignment record pairs processed.
200000 SAM alignment record pairs processed.
300000 SAM alignment record pairs processed.
400000 SAM alignment record pairs processed.
500000 SAM alignment record pairs processed.
600000 SAM alignment record pairs processed.
700000 SAM alignment record pairs processed.
Warning: Mate records missing for 4076 records; first such record: <SAM_Alignment object: Paired-end read 'M01601:91:000000000-ATMWU:1:2117:15570:2825' aligned to NC_033804.1:[36574,36709)/->.
Warning: Mate pairing was ambiguous for 3196 records; mate key for first such record: ('M01601:91:000000000-ATMWU:1:1105:8732:10134', 'second', 'NC_033804.1', 37487, 'NC_033804.1', 37496, 141).
780497 SAM alignment pairs processed.
100000 SAM alignment record pairs processed.
200000 SAM alignment record pairs processed.
300000 SAM alignment record pairs processed.
400000 SAM alignment record pairs processed.
Warning: Mate records missing for 869 records; first such record: <SAM_Alignment object: Paired-end read 'M01601:91:000000000-ATMWU:1:1118:24136:23694' aligned to NC_033804.1:[2603272,2603749)/+>.
Warning: Mate pairing was ambiguous for 208262 records; mate key for first such record: ('M01601:91:000000000-ATMWU:1:2106:25573:13262', 'second', 'NC_033804.1', 12931, 'NC_033804.1', 12982, 186).
415562 SAM alignment pairs processed.
100000 SAM alignment record pairs processed.
200000 SAM alignment record pairs processed.
300000 SAM alignment record pairs processed.
400000 SAM alignment record pairs processed.
500000 SAM alignment record pairs processed.
600000 SAM alignment record pairs processed.
700000 SAM alignment record pairs processed.
800000 SAM alignment record pairs processed.
900000 SAM alignment record pairs processed.
1000000 SAM alignment record pairs processed.
Warning: Mate records missing for 3272 records; first such record: <SAM_Alignment object: Paired-end read 'M01601:91:000000000-ATMWU:1:2101:9543:12587' aligned to NC_033804.1:[149607,149733)/+>.
Warning: Mate pairing was ambiguous for 3426 records; mate key for first such record: ('M01601:91:000000000-ATMWU:1:2107:16997:21113', 'second', 'NC_033804.1', 12914, 'NC_033804.1', 12951, 170).
1042371 SAM alignment pairs processed.
100000 SAM alignment record pairs processed.
200000 SAM alignment record pairs processed.
300000 SAM alignment record pairs processed.
400000 SAM alignment record pairs processed.
500000 SAM alignment record pairs processed.
600000 SAM alignment record pairs processed.
700000 SAM alignment record pairs processed.
800000 SAM alignment record pairs processed.
900000 SAM alignment record pairs processed.
Warning: Mate records missing for 5299 records; first such record: <SAM_Alignment object: Paired-end read 'M01601:91:000000000-ATMWU:1:2117:10537:10732' aligned to NC_033804.1:[36512,36624)/->.
Warning: Mate pairing was ambiguous for 4671 records; mate key for first such record: ('M01601:91:000000000-ATMWU:1:2114:28293:15773', 'first', 'NC_033804.1', 382809, 'NC_033804.1', 492574, 109894).
940611 SAM alignment pairs processed.
100000 SAM alignment record pairs processed.
200000 SAM alignment record pairs processed.
300000 SAM alignment record pairs processed.
400000 SAM alignment record pairs processed.
500000 SAM alignment record pairs processed.
600000 SAM alignment record pairs processed.
700000 SAM alignment record pairs processed.
800000 SAM alignment record pairs processed.
900000 SAM alignment record pairs processed.
1000000 SAM alignment record pairs processed.
1100000 SAM alignment record pairs processed.
1200000 SAM alignment record pairs processed.
1300000 SAM alignment record pairs processed.
1400000 SAM alignment record pairs processed.
1500000 SAM alignment record pairs processed.
1600000 SAM alignment record pairs processed.
1700000 SAM alignment record pairs processed.
1800000 SAM alignment record pairs processed.
1900000 SAM alignment record pairs processed.
2000000 SAM alignment record pairs processed.
2100000 SAM alignment record pairs processed.
2200000 SAM alignment record pairs processed.
2300000 SAM alignment record pairs processed.
2400000 SAM alignment record pairs processed.
2500000 SAM alignment record pairs processed.
2600000 SAM alignment record pairs processed.
2700000 SAM alignment record pairs processed.
2800000 SAM alignment record pairs processed.
Warning: Mate records missing for 7442 records; first such record: <SAM_Alignment object: Paired-end read 'M01601:91:000000000-ATMWU:1:1112:23352:2695' aligned to NC_033804.1:[1842305,1842413)/+>.
Warning: Mate pairing was ambiguous for 8627 records; mate key for first such record: ('M01601:91:000000000-ATMWU:1:1114:27736:16224', 'second', 'NC_033804.1', 320830, 'NC_033804.1', 473314, 152619).
2886985 SAM alignment pairs processed.
